SF:lib\data\models\movie\movie_detail_model.dart
DA:5,2
DA:51,1
DA:52,1
DA:53,1
DA:54,1
DA:55,1
DA:56,1
DA:57,4
DA:58,1
DA:59,1
DA:60,1
DA:61,1
DA:62,1
DA:63,1
DA:64,2
DA:65,1
DA:66,1
DA:67,1
DA:68,1
DA:69,1
DA:70,1
DA:71,1
DA:72,1
DA:73,2
DA:74,1
DA:77,0
DA:78,0
DA:79,0
DA:80,0
DA:81,0
DA:82,0
DA:83,0
DA:84,0
DA:85,0
DA:86,0
DA:87,0
DA:88,0
DA:89,0
DA:90,0
DA:91,0
DA:92,0
DA:93,0
DA:94,0
DA:95,0
DA:96,0
DA:97,0
DA:98,0
DA:101,1
DA:102,1
DA:103,1
DA:104,1
DA:105,5
DA:106,1
DA:107,1
DA:108,1
DA:109,1
DA:110,1
DA:111,1
DA:112,1
DA:113,1
DA:114,1
DA:118,1
DA:119,1
DA:120,1
DA:121,1
DA:122,1
DA:123,1
DA:124,1
DA:125,1
DA:126,1
DA:127,1
DA:128,1
DA:129,1
DA:130,1
DA:131,1
DA:132,1
DA:133,1
DA:134,1
DA:135,1
DA:136,1
DA:137,1
DA:138,1
DA:139,1
DA:140,1
LF:84
LH:62
end_of_record
SF:lib\data\models\tv\tv_detail_model.dart
DA:5,2
DA:44,1
DA:45,1
DA:46,1
DA:47,1
DA:48,4
DA:49,1
DA:50,1
DA:51,1
DA:52,1
DA:53,1
DA:54,1
DA:55,2
DA:56,1
DA:57,1
DA:58,1
DA:59,1
DA:60,1
DA:61,2
DA:62,1
DA:65,0
DA:66,0
DA:67,0
DA:68,0
DA:69,0
DA:70,0
DA:71,0
DA:72,0
DA:73,0
DA:74,0
DA:75,0
DA:76,0
DA:77,0
DA:78,0
DA:79,0
DA:80,0
DA:81,0
DA:84,1
DA:85,1
DA:86,1
DA:87,5
DA:88,1
DA:89,1
DA:90,1
DA:91,1
DA:92,1
DA:93,1
DA:94,1
DA:95,1
DA:96,1
DA:97,1
DA:98,1
DA:99,1
DA:100,1
DA:101,1
DA:104,1
DA:105,1
DA:106,1
DA:107,1
DA:108,1
DA:109,1
DA:110,1
DA:111,1
DA:112,1
DA:113,1
DA:114,1
DA:115,1
DA:116,1
DA:117,1
DA:118,1
DA:119,1
DA:120,1
DA:121,1
LF:73
LH:56
end_of_record
SF:lib\data\datasources\movie\movie_remote_data_source.dart
DA:22,1
DA:24,1
DA:27,4
DA:29,2
DA:30,4
DA:32,1
DA:36,1
DA:39,4
DA:41,2
DA:42,3
DA:44,1
DA:48,1
DA:50,1
DA:51,3
DA:53,2
DA:54,4
DA:56,1
DA:60,1
DA:63,4
DA:65,2
DA:66,4
DA:68,1
DA:72,1
DA:75,4
DA:77,2
DA:78,4
DA:80,1
DA:84,1
DA:86,1
DA:87,3
DA:89,2
DA:90,4
DA:92,1
LF:33
LH:33
end_of_record
SF:lib\data\datasources\movie\movie_local_data_source.dart
DA:13,1
DA:15,1
DA:18,2
DA:21,2
DA:25,1
DA:28,2
DA:31,2
DA:35,1
DA:37,2
DA:39,1
DA:45,1
DA:47,2
DA:48,4
LF:13
LH:13
end_of_record
SF:lib\data\datasources\db\database_helper.dart
DA:7,0
DA:11,0
DA:15,0
DA:16,0
DA:22,0
DA:23,0
DA:24,0
DA:26,0
DA:30,0
DA:31,0
DA:37,0
DA:40,0
DA:41,0
DA:42,0
DA:45,0
DA:46,0
DA:47,0
DA:50,0
DA:54,0
DA:55,0
DA:56,0
DA:59,0
DA:62,0
DA:63,0
DA:69,0
DA:70,0
DA:72,0
LF:27
LH:0
end_of_record
SF:lib\data\datasources\tv\tv_remote_data_source.dart
DA:23,1
DA:25,1
DA:28,4
DA:30,2
DA:31,4
DA:33,1
DA:37,0
DA:40,0
DA:42,0
DA:43,0
DA:45,0
DA:49,1
DA:52,4
DA:54,2
DA:55,4
DA:57,1
DA:61,1
DA:64,4
DA:65,2
DA:66,4
DA:68,1
DA:72,1
DA:74,4
DA:75,2
DA:76,3
DA:78,1
DA:82,1
DA:84,1
DA:85,3
DA:86,2
DA:87,4
DA:89,1
DA:93,1
DA:95,1
DA:96,3
DA:97,2
DA:98,4
DA:100,1
LF:38
LH:33
end_of_record
SF:lib\data\datasources\tv\tv_local_data_source.dart
DA:13,1
DA:15,1
DA:18,2
DA:21,2
DA:25,1
DA:28,2
DA:31,2
DA:35,1
DA:37,2
DA:39,1
DA:45,1
DA:47,2
DA:48,4
LF:13
LH:13
end_of_record
SF:lib\data\datasources\db\database_helper_tv.dart
DA:6,0
DA:10,0
DA:11,0
DA:15,0
DA:16,0
DA:22,0
DA:23,0
DA:24,0
DA:26,0
DA:30,0
DA:31,0
DA:37,0
DA:40,0
DA:41,0
DA:42,0
DA:45,0
DA:46,0
DA:47,0
DA:50,0
DA:54,0
DA:55,0
DA:56,0
DA:59,0
DA:62,0
DA:63,0
DA:69,0
DA:70,0
DA:72,0
LF:28
LH:0
end_of_record
SF:lib\styles\text_style.dart
DA:5,0
DA:6,0
DA:7,0
DA:9,0
DA:11,0
DA:15,0
DA:16,0
DA:17,0
DA:18,0
DA:19,0
LF:10
LH:0
end_of_record
SF:lib\utils\exception.dart
DA:6,4
LF:1
LH:1
end_of_record
SF:lib\utils\failure.dart
DA:6,72
DA:8,2
DA:9,4
DA:13,70
DA:17,68
DA:21,6
LF:6
LH:6
end_of_record
SF:lib\utils\utils.dart
DA:3,0
LF:1
LH:0
end_of_record
SF:lib\utils\ssl_helper.dart
DA:8,0
DA:10,0
DA:11,0
DA:14,0
DA:15,0
DA:17,0
DA:18,0
DA:19,0
DA:20,0
DA:22,0
DA:24,0
DA:25,0
DA:26,0
LF:13
LH:0
end_of_record
SF:lib\data\models\genre_model.dart
DA:5,4
DA:13,4
DA:14,2
DA:15,2
DA:18,0
DA:19,0
DA:20,0
DA:23,2
DA:24,6
DA:27,2
DA:28,6
LF:11
LH:8
end_of_record
SF:lib\data\models\movie\movie_model.dart
DA:5,5
DA:35,4
DA:36,2
DA:37,2
DA:38,8
DA:39,2
DA:40,2
DA:41,2
DA:42,4
DA:43,2
DA:44,2
DA:45,2
DA:46,2
DA:47,4
DA:48,2
DA:51,2
DA:52,1
DA:53,1
DA:54,4
DA:55,1
DA:56,1
DA:57,1
DA:58,1
DA:59,1
DA:60,1
DA:61,1
DA:62,1
DA:63,1
DA:64,1
DA:67,2
DA:68,2
DA:69,2
DA:70,2
DA:71,2
DA:72,2
DA:73,2
DA:74,2
DA:75,2
DA:76,2
DA:77,2
DA:78,2
DA:79,2
DA:80,2
DA:81,2
DA:85,2
DA:86,2
DA:87,2
DA:88,2
DA:89,2
DA:90,2
DA:91,2
DA:92,2
DA:93,2
DA:94,2
DA:95,2
DA:96,2
DA:97,2
DA:98,2
DA:99,2
LF:59
LH:59
end_of_record
SF:lib\data\models\movie\movie_response.dart
DA:7,3
DA:9,4
DA:10,4
DA:11,6
DA:12,6
DA:15,2
DA:16,5
DA:19,1
DA:20,2
LF:9
LH:9
end_of_record
SF:lib\data\models\movie\movie_table.dart
DA:10,8
DA:17,2
DA:18,1
DA:19,1
DA:20,1
DA:21,1
DA:24,2
DA:25,1
DA:26,1
DA:27,1
DA:28,1
DA:31,0
DA:32,0
DA:33,0
DA:34,0
DA:35,0
DA:38,2
DA:39,1
DA:40,1
DA:41,1
DA:42,1
DA:45,2
DA:46,10
LF:23
LH:18
end_of_record
SF:lib\data\models\tv\tv_model.dart
DA:5,5
DA:33,4
DA:34,2
DA:35,8
DA:36,2
DA:37,2
DA:38,2
DA:39,2
DA:40,4
DA:41,2
DA:42,2
DA:43,2
DA:44,4
DA:45,2
DA:48,0
DA:49,0
DA:50,0
DA:51,0
DA:52,0
DA:53,0
DA:54,0
DA:55,0
DA:56,0
DA:57,0
DA:58,0
DA:59,0
DA:60,0
DA:63,2
DA:64,2
DA:65,2
DA:66,2
DA:67,2
DA:68,2
DA:69,2
DA:70,2
DA:71,2
DA:72,2
DA:73,2
DA:74,2
DA:75,2
DA:76,2
DA:80,2
DA:81,2
DA:82,2
DA:83,2
DA:84,2
DA:85,2
DA:86,2
DA:87,2
DA:88,2
DA:89,2
DA:90,2
DA:91,2
DA:92,2
DA:93,2
LF:55
LH:42
end_of_record
SF:lib\data\models\tv\tv_response.dart
DA:7,3
DA:9,4
DA:10,4
DA:11,6
DA:12,6
DA:15,0
DA:16,0
DA:19,1
DA:20,2
LF:9
LH:7
end_of_record
SF:lib\data\models\tv\tv_table.dart
DA:10,8
DA:17,2
DA:18,1
DA:19,1
DA:20,1
DA:21,1
DA:24,2
DA:25,1
DA:26,1
DA:27,1
DA:28,1
DA:31,0
DA:32,0
DA:33,0
DA:34,0
DA:35,0
DA:38,2
DA:39,1
DA:40,1
DA:41,1
DA:42,1
DA:45,2
DA:46,10
LF:23
LH:18
end_of_record
SF:lib\data\repositories\movie_repository_impl.dart
DA:9,1
DA:14,1
DA:17,2
DA:18,5
DA:19,1
DA:21,1
DA:26,1
DA:29,2
DA:30,2
DA:31,1
DA:33,1
DA:38,1
DA:41,2
DA:42,3
DA:43,1
DA:45,1
DA:50,1
DA:53,2
DA:54,5
DA:55,1
DA:57,1
DA:62,1
DA:65,2
DA:66,5
DA:67,1
DA:69,1
DA:74,1
DA:77,2
DA:78,5
DA:79,1
DA:81,1
DA:86,1
DA:89,1
DA:90,2
DA:91,1
DA:92,1
DA:93,3
DA:99,1
DA:103,1
DA:104,2
DA:105,1
DA:106,1
DA:107,3
DA:111,1
DA:113,2
DA:117,1
DA:119,2
DA:120,5
LF:48
LH:48
end_of_record
SF:lib\data\repositories\tv_repository_impl.dart
DA:9,1
DA:14,1
DA:17,2
DA:18,5
DA:19,1
DA:21,1
DA:26,1
DA:29,2
DA:30,2
DA:31,1
DA:33,1
DA:38,1
DA:41,2
DA:42,3
DA:43,1
DA:45,1
DA:50,0
DA:53,0
DA:54,0
DA:55,0
DA:57,0
DA:62,1
DA:65,2
DA:66,5
DA:67,1
DA:69,1
DA:74,1
DA:77,2
DA:78,5
DA:79,1
DA:81,1
DA:86,1
DA:89,2
DA:90,5
DA:91,1
DA:93,1
DA:98,1
DA:102,3
DA:103,1
DA:104,1
DA:105,3
DA:111,1
DA:115,3
DA:116,1
DA:117,1
DA:118,3
DA:122,1
DA:124,2
DA:128,1
DA:130,2
DA:131,5
LF:51
LH:46
end_of_record
SF:lib\domain\entities\genre.dart
DA:4,16
DA:12,4
DA:13,12
LF:3
LH:3
end_of_record
SF:lib\domain\entities\movie\movie.dart
DA:4,4
DA:20,1
DA:41,3
DA:42,3
DA:43,3
DA:44,3
DA:45,3
DA:46,3
DA:47,3
DA:48,3
DA:49,3
DA:50,3
DA:51,3
DA:52,3
DA:53,3
DA:54,3
DA:55,3
LF:17
LH:17
end_of_record
SF:lib\domain\entities\movie\movie_detail.dart
DA:5,8
DA:33,2
DA:34,2
DA:35,2
DA:36,2
DA:37,2
DA:38,2
DA:39,2
DA:40,2
DA:41,2
DA:42,2
DA:43,2
DA:44,2
DA:45,2
LF:14
LH:14
end_of_record
SF:lib\domain\entities\tv\tv.dart
DA:4,4
DA:19,1
DA:39,3
DA:40,3
DA:41,3
DA:42,3
DA:43,3
DA:44,3
DA:45,3
DA:46,3
DA:47,3
DA:48,3
DA:49,3
DA:50,3
DA:51,3
DA:52,3
LF:16
LH:16
end_of_record
SF:lib\domain\entities\tv\tv_detail.dart
DA:5,8
DA:44,2
DA:45,2
DA:46,2
DA:47,2
DA:48,2
DA:49,2
DA:50,2
DA:51,2
DA:52,2
DA:53,2
DA:54,2
DA:55,2
DA:56,2
DA:57,2
DA:58,2
DA:59,2
DA:60,2
DA:61,2
LF:19
LH:19
end_of_record
SF:lib\domain\usecases\movie\get_movie_detail.dart
DA:7,1
DA:9,1
DA:10,2
LF:3
LH:3
end_of_record
SF:lib\domain\usecases\movie\get_movie_recommendations.dart
DA:7,1
DA:9,1
DA:10,2
LF:3
LH:3
end_of_record
SF:lib\domain\usecases\movie\get_now_playing_movies.dart
DA:7,1
DA:9,1
DA:10,2
LF:3
LH:3
end_of_record
SF:lib\domain\usecases\movie\get_popular_movies.dart
DA:7,1
DA:9,1
DA:10,2
LF:3
LH:3
end_of_record
SF:lib\domain\usecases\movie\get_top_rated_movies.dart
DA:7,1
DA:9,1
DA:10,2
LF:3
LH:3
end_of_record
SF:lib\domain\usecases\movie\get_watchlist_movies.dart
DA:7,1
DA:9,1
DA:10,2
LF:3
LH:3
end_of_record
SF:lib\domain\usecases\movie\get_watchlist_status.dart
DA:6,1
DA:8,1
DA:9,2
LF:3
LH:3
end_of_record
SF:lib\domain\usecases\movie\remove_watchlist.dart
DA:7,1
DA:9,1
DA:10,2
LF:3
LH:3
end_of_record
SF:lib\domain\usecases\movie\save_watchlist.dart
DA:7,1
DA:9,1
DA:10,2
LF:3
LH:3
end_of_record
SF:lib\domain\usecases\tv\get_airing_today_tvs.dart
DA:7,1
DA:9,1
DA:10,2
LF:3
LH:3
end_of_record
SF:lib\domain\usecases\tv\get_on_the_air_tvs.dart
DA:7,1
DA:9,1
DA:10,2
LF:3
LH:3
end_of_record
SF:lib\domain\usecases\tv\get_popular_tvs.dart
DA:7,1
DA:9,1
DA:10,2
LF:3
LH:3
end_of_record
SF:lib\domain\usecases\tv\get_top_rated_tvs.dart
DA:7,1
DA:9,1
DA:10,2
LF:3
LH:3
end_of_record
SF:lib\domain\usecases\tv\get_tv_detail.dart
DA:7,1
DA:9,1
DA:10,2
LF:3
LH:3
end_of_record
SF:lib\domain\usecases\tv\get_tv_recommendations.dart
DA:7,1
DA:9,1
DA:10,2
LF:3
LH:3
end_of_record
SF:lib\domain\usecases\tv\get_watchlist_tvs.dart
DA:7,1
DA:9,1
DA:10,2
LF:3
LH:3
end_of_record
SF:lib\domain\usecases\tv\get_watchlist_tvs_status.dart
DA:6,1
DA:8,1
DA:9,2
LF:3
LH:3
end_of_record
SF:lib\domain\usecases\tv\remove_watchlist_tvs.dart
DA:7,1
DA:9,1
DA:10,2
LF:3
LH:3
end_of_record
SF:lib\domain\usecases\tv\save_watchlist_tvs.dart
DA:7,1
DA:9,1
DA:10,2
LF:3
LH:3
end_of_record
SF:lib\presentation\pages\movie\home_movie_page.dart
DA:13,0
DA:14,0
DA:15,0
DA:19,0
DA:21,0
DA:22,0
DA:23,0
DA:24,0
DA:25,0
DA:29,0
DA:31,0
DA:32,0
DA:33,0
DA:34,0
DA:42,0
DA:45,0
DA:46,0
DA:49,0
DA:52,0
DA:53,0
DA:56,0
DA:59,0
DA:60,0
DA:63,0
DA:64,0
DA:65,0
DA:73,0
DA:75,0
DA:76,0
DA:77,0
DA:78,0
DA:84,0
DA:86,0
DA:87,0
DA:89,0
DA:90,0
DA:92,0
DA:94,0
DA:95,0
DA:96,0
DA:100,0
DA:101,0
DA:102,0
DA:103,0
DA:108,0
DA:110,0
DA:111,0
DA:113,0
DA:114,0
DA:115,0
DA:119,0
DA:120,0
DA:121,0
DA:122,0
DA:127,0
DA:129,0
DA:130,0
DA:132,0
DA:133,0
DA:134,0
DA:138,0
DA:139,0
DA:140,0
DA:141,0
DA:153,0
DA:154,0
DA:156,0
DA:157,0
DA:159,0
DA:161,0
DA:163,0
DA:165,0
DA:178,0
DA:180,0
DA:182,0
DA:184,0
DA:186,0
DA:187,0
DA:188,0
DA:190,0
DA:191,0
DA:192,0
DA:195,0
DA:198,0
DA:200,0
DA:201,0
DA:202,0
DA:205,0
DA:211,0
LF:89
LH:0
end_of_record
SF:lib\presentation\pages\movie\movie_detail_page.dart
DA:13,0
DA:15,0
DA:16,0
DA:20,0
DA:22,0
DA:23,0
DA:24,0
DA:25,0
DA:26,0
DA:27,0
DA:28,0
DA:32,0
DA:35,0
DA:36,0
DA:37,0
DA:38,0
DA:40,0
DA:44,0
DA:45,0
DA:46,0
DA:47,0
DA:51,0
DA:52,0
DA:53,0
DA:54,0
DA:58,0
DA:59,0
DA:60,0
DA:61,0
DA:66,0
DA:67,0
DA:82,0
DA:86,0
DA:88,0
DA:89,0
DA:90,0
DA:91,0
DA:92,0
DA:94,0
DA:97,0
DA:99,0
DA:101,0
DA:102,0
DA:103,0
DA:113,0
DA:114,0
DA:115,0
DA:117,0
DA:119,0
DA:121,0
DA:122,0
DA:123,0
DA:124,0
DA:126,0
DA:127,0
DA:128,0
DA:130,0
DA:131,0
DA:134,0
DA:135,0
DA:141,0
DA:142,0
DA:144,0
DA:145,0
DA:151,0
DA:158,0
DA:161,0
DA:164,0
DA:165,0
DA:168,0
DA:169,0
DA:170,0
DA:172,0
DA:174,0
DA:175,0
DA:176,0
DA:181,0
DA:183,0
DA:184,0
DA:191,0
DA:192,0
DA:194,0
DA:195,0
DA:197,0
DA:198,0
DA:199,0
DA:200,0
DA:202,0
DA:208,0
DA:212,0
DA:214,0
DA:216,0
DA:217,0
DA:220,0
DA:222,0
DA:224,0
DA:226,0
DA:228,0
DA:229,0
DA:230,0
DA:232,0
DA:233,0
DA:234,0
DA:237,0
DA:240,0
DA:244,0
DA:246,0
DA:247,0
DA:251,0
DA:258,0
DA:265,0
DA:267,0
DA:280,0
DA:282,0
DA:285,0
DA:287,0
DA:288,0
DA:297,0
DA:299,0
DA:300,0
DA:303,0
DA:307,0
DA:310,0
DA:311,0
DA:312,0
DA:314,0
DA:315,0
DA:317,0
LF:128
LH:0
end_of_record
SF:lib\presentation\pages\movie\popular_movies_page.dart
DA:10,0
DA:12,0
DA:13,0
DA:17,0
DA:19,0
DA:20,0
DA:21,0
DA:24,0
DA:26,0
DA:27,0
DA:30,0
DA:32,0
DA:33,0
DA:34,0
DA:38,0
DA:39,0
DA:40,0
DA:41,0
DA:42,0
DA:44,0
DA:46,0
DA:47,0
DA:49,0
LF:23
LH:0
end_of_record
SF:lib\presentation\pages\movie\top_rated_movies_page.dart
DA:10,0
DA:12,0
DA:13,0
DA:17,0
DA:19,0
DA:20,0
DA:21,0
DA:24,0
DA:26,0
DA:27,0
DA:30,0
DA:32,0
DA:33,0
DA:34,0
DA:38,0
DA:39,0
DA:40,0
DA:41,0
DA:42,0
DA:44,0
DA:46,0
DA:47,0
DA:49,0
LF:23
LH:0
end_of_record
SF:lib\presentation\pages\movie\watchlist_movies_page.dart
DA:10,0
DA:12,0
DA:13,0
DA:18,0
DA:20,0
DA:21,0
DA:22,0
DA:25,0
DA:27,0
DA:28,0
DA:31,0
DA:33,0
DA:36,0
DA:38,0
DA:39,0
DA:42,0
DA:44,0
DA:45,0
DA:46,0
DA:50,0
DA:51,0
DA:52,0
DA:53,0
DA:54,0
DA:56,0
DA:58,0
DA:59,0
DA:61,0
DA:72,0
DA:74,0
DA:75,0
LF:31
LH:0
end_of_record
SF:lib\presentation\pages\tv\home_tv_page.dart
DA:13,0
DA:14,0
DA:15,0
DA:19,0
DA:21,0
DA:22,0
DA:23,0
DA:24,0
DA:25,0
DA:26,0
DA:30,0
DA:32,0
DA:33,0
DA:34,0
DA:35,0
DA:43,0
DA:46,0
DA:47,0
DA:50,0
DA:53,0
DA:54,0
DA:57,0
DA:60,0
DA:61,0
DA:64,0
DA:65,0
DA:66,0
DA:74,0
DA:76,0
DA:77,0
DA:78,0
DA:79,0
DA:85,0
DA:87,0
DA:88,0
DA:90,0
DA:91,0
DA:93,0
DA:95,0
DA:96,0
DA:97,0
DA:101,0
DA:102,0
DA:103,0
DA:104,0
DA:109,0
DA:111,0
DA:112,0
DA:114,0
DA:115,0
DA:119,0
DA:120,0
DA:121,0
DA:122,0
DA:127,0
DA:129,0
DA:130,0
DA:132,0
DA:133,0
DA:137,0
DA:138,0
DA:139,0
DA:140,0
DA:145,0
DA:147,0
DA:148,0
DA:150,0
DA:151,0
DA:155,0
DA:156,0
DA:157,0
DA:158,0
DA:170,0
DA:171,0
DA:173,0
DA:174,0
DA:176,0
DA:178,0
DA:180,0
DA:182,0
DA:195,0
DA:197,0
DA:199,0
DA:201,0
DA:203,0
DA:204,0
DA:205,0
DA:207,0
DA:208,0
DA:209,0
DA:212,0
DA:215,0
DA:217,0
DA:218,0
DA:219,0
DA:222,0
DA:228,0
LF:97
LH:0
end_of_record
SF:lib\presentation\pages\tv\on_the_air_tv_page.dart
DA:10,0
DA:12,0
DA:13,0
DA:17,0
DA:19,0
DA:20,0
DA:21,0
DA:24,0
DA:26,0
DA:27,0
DA:30,0
DA:32,0
DA:33,0
DA:34,0
DA:38,0
DA:39,0
DA:40,0
DA:41,0
DA:42,0
DA:44,0
DA:46,0
DA:47,0
DA:49,0
LF:23
LH:0
end_of_record
SF:lib\presentation\pages\tv\popular_tv_page.dart
DA:10,0
DA:12,0
DA:13,0
DA:17,0
DA:19,0
DA:20,0
DA:21,0
DA:24,0
DA:26,0
DA:27,0
DA:30,0
DA:32,0
DA:33,0
DA:34,0
DA:38,0
DA:39,0
DA:40,0
DA:41,0
DA:42,0
DA:44,0
DA:46,0
DA:47,0
DA:49,0
LF:23
LH:0
end_of_record
SF:lib\presentation\pages\tv\top_rated_tv_page.dart
DA:10,0
DA:12,0
DA:13,0
DA:17,0
DA:19,0
DA:20,0
DA:21,0
DA:24,0
DA:26,0
DA:27,0
DA:30,0
DA:32,0
DA:33,0
DA:34,0
DA:38,0
DA:39,0
DA:40,0
DA:41,0
DA:42,0
DA:44,0
DA:46,0
DA:47,0
DA:49,0
LF:23
LH:0
end_of_record
SF:lib\presentation\pages\tv\tv_detail_page.dart
DA:13,0
DA:15,0
DA:16,0
DA:20,0
DA:22,0
DA:23,0
DA:24,0
DA:25,0
DA:26,0
DA:27,0
DA:29,0
DA:32,0
DA:35,0
DA:36,0
DA:37,0
DA:38,0
DA:40,0
DA:43,0
DA:44,0
DA:45,0
DA:46,0
DA:50,0
DA:51,0
DA:52,0
DA:53,0
DA:57,0
DA:58,0
DA:59,0
DA:60,0
DA:65,0
DA:66,0
DA:81,0
DA:84,0
DA:86,0
DA:87,0
DA:88,0
DA:89,0
DA:90,0
DA:92,0
DA:95,0
DA:97,0
DA:99,0
DA:100,0
DA:101,0
DA:111,0
DA:112,0
DA:113,0
DA:115,0
DA:117,0
DA:119,0
DA:120,0
DA:121,0
DA:122,0
DA:124,0
DA:125,0
DA:126,0
DA:128,0
DA:129,0
DA:132,0
DA:133,0
DA:139,0
DA:140,0
DA:142,0
DA:143,0
DA:149,0
DA:156,0
DA:159,0
DA:162,0
DA:163,0
DA:166,0
DA:167,0
DA:168,0
DA:170,0
DA:172,0
DA:173,0
DA:174,0
DA:179,0
DA:181,0
DA:182,0
DA:189,0
DA:190,0
DA:192,0
DA:193,0
DA:195,0
DA:196,0
DA:197,0
DA:198,0
DA:200,0
DA:206,0
DA:210,0
DA:212,0
DA:214,0
DA:215,0
DA:218,0
DA:220,0
DA:222,0
DA:224,0
DA:226,0
DA:227,0
DA:228,0
DA:230,0
DA:231,0
DA:232,0
DA:235,0
DA:238,0
DA:242,0
DA:244,0
DA:245,0
DA:251,0
DA:258,0
DA:264,0
DA:266,0
DA:279,0
DA:281,0
DA:284,0
DA:286,0
DA:287,0
DA:296,0
DA:298,0
DA:299,0
DA:302,0
DA:306,0
LF:122
LH:0
end_of_record
SF:lib\presentation\pages\tv\watchlist_tv_page.dart
DA:10,0
DA:12,0
DA:13,0
DA:17,0
DA:19,0
DA:20,0
DA:21,0
DA:24,0
DA:26,0
DA:27,0
DA:30,0
DA:32,0
DA:35,0
DA:37,0
DA:38,0
DA:41,0
DA:43,0
DA:44,0
DA:45,0
DA:49,0
DA:50,0
DA:51,0
DA:52,0
DA:53,0
DA:55,0
DA:57,0
DA:58,0
DA:60,0
DA:71,0
DA:73,0
DA:74,0
LF:31
LH:0
end_of_record
SF:lib\presentation\bloc\movie\movie_bloc.dart
DA:11,3
DA:12,2
DA:13,2
DA:14,2
DA:15,2
DA:16,3
DA:17,1
DA:18,2
DA:27,3
DA:28,2
DA:29,2
DA:30,2
DA:31,2
DA:32,3
DA:33,1
DA:34,2
DA:43,3
DA:44,2
DA:45,2
DA:46,2
DA:47,2
DA:48,3
DA:49,1
DA:50,2
DA:58,3
DA:59,2
DA:60,1
DA:61,2
DA:62,2
DA:63,2
DA:64,3
DA:65,1
DA:66,2
DA:74,1
DA:75,2
DA:76,2
DA:77,1
DA:78,2
DA:80,2
DA:81,2
DA:82,3
DA:83,1
DA:84,2
DA:99,1
DA:101,2
DA:102,2
DA:103,2
DA:104,2
DA:105,2
DA:106,3
DA:107,1
DA:108,2
DA:112,2
DA:113,1
DA:114,2
DA:115,2
DA:117,1
DA:118,4
DA:119,2
DA:120,1
DA:125,2
DA:126,1
DA:127,2
DA:128,2
DA:130,1
DA:131,4
DA:132,2
DA:133,1
DA:138,2
DA:139,1
DA:140,2
DA:141,2
DA:143,2
LF:73
LH:73
end_of_record
SF:lib\presentation\bloc\movie\movie_event.dart
DA:4,2
DA:5,0
DA:6,0
DA:17,1
DA:19,0
DA:20,0
DA:25,1
DA:27,0
DA:28,0
DA:36,1
DA:37,0
DA:38,0
DA:44,1
DA:45,0
DA:46,0
DA:51,1
DA:53,0
DA:54,0
LF:18
LH:6
end_of_record
SF:lib\presentation\bloc\movie\movie_state.dart
DA:4,2
DA:6,1
DA:7,1
DA:17,1
DA:19,1
DA:20,2
DA:26,2
DA:28,1
DA:29,2
DA:35,2
DA:37,1
DA:38,2
DA:44,1
DA:46,1
DA:47,2
DA:53,2
DA:59,2
DA:61,1
DA:62,2
LF:19
LH:19
end_of_record
SF:lib\presentation\bloc\tv\tv_bloc.dart
DA:11,3
DA:12,2
DA:13,2
DA:14,2
DA:15,2
DA:16,3
DA:17,1
DA:18,2
DA:27,3
DA:28,2
DA:29,2
DA:30,2
DA:31,2
DA:32,3
DA:33,1
DA:34,2
DA:43,3
DA:44,2
DA:45,2
DA:46,2
DA:47,2
DA:48,3
DA:49,1
DA:50,2
DA:59,3
DA:60,2
DA:61,2
DA:62,2
DA:63,2
DA:64,3
DA:65,1
DA:66,2
DA:74,3
DA:75,2
DA:76,1
DA:77,2
DA:78,2
DA:79,2
DA:80,3
DA:81,1
DA:82,2
DA:90,3
DA:91,2
DA:92,1
DA:93,2
DA:95,2
DA:96,2
DA:97,3
DA:98,1
DA:99,2
DA:114,1
DA:116,2
DA:117,2
DA:118,2
DA:119,2
DA:120,2
DA:121,3
DA:122,1
DA:123,2
DA:127,2
DA:128,1
DA:129,2
DA:130,2
DA:132,1
DA:133,4
DA:134,2
DA:135,1
DA:140,2
DA:141,1
DA:142,2
DA:143,2
DA:145,1
DA:146,4
DA:147,2
DA:148,1
DA:153,2
DA:154,1
DA:155,2
DA:156,2
DA:158,2
LF:80
LH:80
end_of_record
SF:lib\presentation\bloc\tv\tv_state.dart
DA:4,2
DA:6,1
DA:7,1
DA:17,1
DA:19,1
DA:20,2
DA:26,2
DA:28,1
DA:29,2
DA:35,2
DA:37,1
DA:38,2
DA:44,1
DA:46,1
DA:47,2
DA:53,2
DA:59,2
DA:61,1
DA:62,2
LF:19
LH:19
end_of_record
SF:lib\presentation\bloc\tv\tv_event.dart
DA:4,2
DA:5,0
DA:6,0
DA:19,1
DA:21,0
DA:22,0
DA:27,1
DA:29,0
DA:30,0
DA:38,1
DA:39,0
DA:40,0
DA:46,1
DA:47,0
DA:48,0
DA:53,1
DA:55,0
DA:56,0
LF:18
LH:6
end_of_record
SF:lib\presentation\widgets\movie_card_list.dart
DA:8,0
DA:10,0
DA:12,0
DA:14,0
DA:15,0
DA:16,0
DA:19,0
DA:22,0
DA:24,0
DA:25,0
DA:26,0
DA:32,0
DA:34,0
DA:35,0
DA:36,0
DA:39,0
DA:42,0
DA:43,0
DA:51,0
DA:56,0
DA:58,0
DA:59,0
DA:61,0
DA:64,0
LF:24
LH:0
end_of_record
SF:lib\presentation\widgets\tv_card_list.dart
DA:8,0
DA:10,0
DA:12,0
DA:14,0
DA:15,0
DA:16,0
DA:19,0
DA:22,0
DA:24,0
DA:25,0
DA:26,0
DA:32,0
DA:34,0
DA:35,0
DA:36,0
DA:39,0
DA:42,0
DA:43,0
DA:51,0
DA:56,0
DA:58,0
DA:59,0
DA:61,0
DA:64,0
LF:24
LH:0
end_of_record
